Determining if the pthread_create exist failed with the following output:
Change Dir: /home/zekin/projects/C009-TaleOfRedengard/CMakeFiles/CMakeTmp

Run Build Command:/usr/bin/make "cmTryCompileExec1559520946/fast"
/usr/bin/make -f CMakeFiles/cmTryCompileExec1559520946.dir/build.make CMakeFiles/cmTryCompileExec1559520946.dir/build
make[1]: Entering directory `/home/zekin/projects/C009-TaleOfRedengard/CMakeFiles/CMakeTmp'
/usr/bin/cmake -E cmake_progress_report /home/zekin/projects/C009-TaleOfRedengard/CMakeFiles/CMakeTmp/CMakeFiles 1
Building C object CMakeFiles/cmTryCompileExec1559520946.dir/CheckSymbolExists.c.o
/usr/bin/gcc    -o CMakeFiles/cmTryCompileExec1559520946.dir/CheckSymbolExists.c.o   -c /home/zekin/projects/C009-TaleOfRedengard/CMakeFiles/CMakeTmp/CheckSymbolExists.c
Linking C executable cmTryCompileExec1559520946
/usr/bin/cmake -E cmake_link_script CMakeFiles/cmTryCompileExec1559520946.dir/link.txt --verbose=1
/usr/bin/gcc         CMakeFiles/cmTryCompileExec1559520946.dir/CheckSymbolExists.c.o  -o cmTryCompileExec1559520946 -rdynamic 
CMakeFiles/cmTryCompileExec1559520946.dir/CheckSymbolExists.c.o: In function `main':
CheckSymbolExists.c:(.text+0xa): undefined reference to `pthread_create'
collect2: error: ld returned 1 exit status
make[1]: Leaving directory `/home/zekin/projects/C009-TaleOfRedengard/CMakeFiles/CMakeTmp'
make[1]: *** [cmTryCompileExec1559520946] Error 1
make: *** [cmTryCompileExec1559520946/fast] Error 2

File /home/zekin/projects/C009-TaleOfRedengard/CMakeFiles/CMakeTmp/CheckSymbolExists.c:
/* */
#include <pthread.h>

int main(int argc, char** argv)
{
  (void)argv;
#ifndef pthread_create
  return ((int*)(&pthread_create))[argc];
#else
  (void)argc;
  return 0;
#endif
}

Determining if the function pthread_create exists in the pthreads failed with the following output:
Change Dir: /home/zekin/projects/C009-TaleOfRedengard/CMakeFiles/CMakeTmp

Run Build Command:/usr/bin/make "cmTryCompileExec3470316926/fast"
/usr/bin/make -f CMakeFiles/cmTryCompileExec3470316926.dir/build.make CMakeFiles/cmTryCompileExec3470316926.dir/build
make[1]: Entering directory `/home/zekin/projects/C009-TaleOfRedengard/CMakeFiles/CMakeTmp'
/usr/bin/cmake -E cmake_progress_report /home/zekin/projects/C009-TaleOfRedengard/CMakeFiles/CMakeTmp/CMakeFiles 1
Building C object CMakeFiles/cmTryCompileExec3470316926.dir/CheckFunctionExists.c.o
/usr/bin/gcc   -DCHECK_FUNCTION_EXISTS=pthread_create   -o CMakeFiles/cmTryCompileExec3470316926.dir/CheckFunctionExists.c.o   -c /usr/share/cmake-2.8/Modules/CheckFunctionExists.c
Linking C executable cmTryCompileExec3470316926
/usr/bin/cmake -E cmake_link_script CMakeFiles/cmTryCompileExec3470316926.dir/link.txt --verbose=1
/usr/bin/gcc     -DCHECK_FUNCTION_EXISTS=pthread_create    CMakeFiles/cmTryCompileExec3470316926.dir/CheckFunctionExists.c.o  -o cmTryCompileExec3470316926 -rdynamic -lpthreads 
/usr/bin/ld: cannot find -lpthreads
collect2: error: ld returned 1 exit status
make[1]: Leaving directory `/home/zekin/projects/C009-TaleOfRedengard/CMakeFiles/CMakeTmp'
make[1]: *** [cmTryCompileExec3470316926] Error 1
make: *** [cmTryCompileExec3470316926/fast] Error 2


Determining if the pthread_create exist failed with the following output:
Change Dir: /home/zekin/projects/C009-TaleOfDagon/CMakeFiles/CMakeTmp

Run Build Command:/usr/bin/gmake "cmTryCompileExec41242159/fast"
/usr/bin/gmake -f CMakeFiles/cmTryCompileExec41242159.dir/build.make CMakeFiles/cmTryCompileExec41242159.dir/build
gmake[1]: Entering directory `/home/zekin/projects/C009-TaleOfDagon/CMakeFiles/CMakeTmp'
/usr/bin/cmake -E cmake_progress_report /home/zekin/projects/C009-TaleOfDagon/CMakeFiles/CMakeTmp/CMakeFiles 1
Building C object CMakeFiles/cmTryCompileExec41242159.dir/CheckSymbolExists.c.o
/usr/bin/cc    -o CMakeFiles/cmTryCompileExec41242159.dir/CheckSymbolExists.c.o   -c /home/zekin/projects/C009-TaleOfDagon/CMakeFiles/CMakeTmp/CheckSymbolExists.c
Linking C executable cmTryCompileExec41242159
/usr/bin/cmake -E cmake_link_script CMakeFiles/cmTryCompileExec41242159.dir/link.txt --verbose=1
/usr/bin/cc         CMakeFiles/cmTryCompileExec41242159.dir/CheckSymbolExists.c.o  -o cmTryCompileExec41242159 -rdynamic 
CMakeFiles/cmTryCompileExec41242159.dir/CheckSymbolExists.c.o: In function `main':
CheckSymbolExists.c:(.text+0x16): undefined reference to `pthread_create'
collect2: error: ld returned 1 exit status
gmake[1]: *** [cmTryCompileExec41242159] Error 1
gmake[1]: Leaving directory `/home/zekin/projects/C009-TaleOfDagon/CMakeFiles/CMakeTmp'
gmake: *** [cmTryCompileExec41242159/fast] Error 2

File /home/zekin/projects/C009-TaleOfDagon/CMakeFiles/CMakeTmp/CheckSymbolExists.c:
/* */
#include <pthread.h>

int main(int argc, char** argv)
{
  (void)argv;
#ifndef pthread_create
  return ((int*)(&pthread_create))[argc];
#else
  (void)argc;
  return 0;
#endif
}

Determining if the function pthread_create exists in the pthreads failed with the following output:
Change Dir: /home/zekin/projects/C009-TaleOfDagon/CMakeFiles/CMakeTmp

Run Build Command:/usr/bin/gmake "cmTryCompileExec579397276/fast"
/usr/bin/gmake -f CMakeFiles/cmTryCompileExec579397276.dir/build.make CMakeFiles/cmTryCompileExec579397276.dir/build
gmake[1]: Entering directory `/home/zekin/projects/C009-TaleOfDagon/CMakeFiles/CMakeTmp'
/usr/bin/cmake -E cmake_progress_report /home/zekin/projects/C009-TaleOfDagon/CMakeFiles/CMakeTmp/CMakeFiles 1
Building C object CMakeFiles/cmTryCompileExec579397276.dir/CheckFunctionExists.c.o
/usr/bin/cc   -DCHECK_FUNCTION_EXISTS=pthread_create   -o CMakeFiles/cmTryCompileExec579397276.dir/CheckFunctionExists.c.o   -c /usr/share/cmake/Modules/CheckFunctionExists.c
Linking C executable cmTryCompileExec579397276
/usr/bin/cmake -E cmake_link_script CMakeFiles/cmTryCompileExec579397276.dir/link.txt --verbose=1
/usr/bin/cc     -DCHECK_FUNCTION_EXISTS=pthread_create    CMakeFiles/cmTryCompileExec579397276.dir/CheckFunctionExists.c.o  -o cmTryCompileExec579397276 -rdynamic -lpthreads 
/usr/bin/ld: cannot find -lpthreads
collect2: error: ld returned 1 exit status
gmake[1]: *** [cmTryCompileExec579397276] Error 1
gmake[1]: Leaving directory `/home/zekin/projects/C009-TaleOfDagon/CMakeFiles/CMakeTmp'
gmake: *** [cmTryCompileExec579397276/fast] Error 2


